<?xml version="1.0" encoding="UTF-8"?>
<!-- Generated by org.testng.reporters.JUnitXMLReporter -->
<testsuite ignored="0" hostname="DESKTOP-0P4OACU" failures="0" tests="3" name="Test" time="4.006" errors="0" timestamp="2023-10-05T09:09:15 IST">
  <testcase classname="ecom.POST_Login" name="loginToApp" time="3.45"/>
  <testcase classname="ecom.POST_AddProduct" name="addProductToApp" time="0.475"/>
  <testcase classname="ecom.PlaceOrderWithPojo" name="placeOrderTest" time="0.008"/>
</testsuite> <!-- Test -->
