<?xml version="1.0" encoding="UTF-8"?>
<testng-results ignored="0" total="1" passed="1" failed="0" skipped="0">
  <reporter-output>
  </reporter-output>
  <suite started-at="2023-10-06T22:09:31 IST" name="Default suite" finished-at="2023-10-06T22:09:34 IST" duration-ms="2602">
    <groups>
    </groups>
    <test started-at="2023-10-06T22:09:31 IST" name="Default test" finished-at="2023-10-06T22:09:34 IST" duration-ms="2602">
      <class name="spotifyapis.AddTrackToPlaylist">
        <test-method signature="addSong()[pri:0, instance:spotifyapis.AddTrackToPlaylist@6c80d78a]" started-at="2023-10-06T22:09:31 IST" name="addSong" finished-at="2023-10-06T22:09:34 IST" duration-ms="2548" status="PASS">
          <reporter-output>
          </reporter-output>
        </test-method> <!-- addSong -->
      </class> <!-- spotifyapis.AddTrackToPlaylist -->
    </test> <!-- Default test -->
  </suite> <!-- Default suite -->
</testng-results>
